#
# There is insufficient memory for the Java Runtime Environment to continue.
# Native memory allocation (malloc) failed to allocate 131088 bytes for Chunk::new
# Possible reasons:
#   The system is out of physical RAM or swap space
#   In 32 bit mode, the process size limit was hit
# Possible solutions:
#   Reduce memory load on the system
#   Increase physical memory or swap space
#   Check if swap backing store is full
#   Use 64 bit Java on a 64 bit OS
#   Decrease Java heap size (-Xmx/-Xms)
#   Decrease number of Java threads
#   Decrease Java thread stack sizes (-Xss)
#   Set larger code cache with -XX:ReservedCodeCacheSize=
# This output file may be truncated or incomplete.
#
#  Out of Memory Error (allocation.cpp:390), pid=6624, tid=0x0000000000000990
#
# JRE version: Java(TM) SE Runtime Environment (8.0_151-b12) (build 1.8.0_151-b12)
# Java VM: Java HotSpot(TM) 64-Bit Server VM (25.151-b12 mixed mode windows-amd64 compressed oops)
# Failed to write core dump. Minidumps are not enabled by default on client versions of Windows
#

---------------  T H R E A D  ---------------

Current thread (0x00000000144d8000):  JavaThread "C2 CompilerThread1" daemon [_thread_in_native, id=2448, stack(0x0000000015be0000,0x0000000015ce0000)]

Stack: [0x0000000015be0000,0x0000000015ce0000]
[error occurred during error reporting (printing stack bounds), id 0xc0000005]

Native frames: (J=compiled Java code, j=interpreted, Vv=VM code, C=native code)


Current CompileTask:
C2:  90115 8379       4       org.gradle.internal.service.DefaultServiceRegistry$OwnServices$ProviderAnalyser::analyseType (114 bytes)


---------------  P R O C E S S  ---------------

Java Threads: ( => current thread )
  0x00000000199a7000 JavaThread "Cache worker for Build Output Cleanup Cache (E:\LIferay\backend\.gradle\buildOutputCleanup)" [_thread_blocked, id=540, stack(0x0000000023a50000,0x0000000023b50000)]
  0x00000000199a5800 JavaThread "jar transforms Thread 63" [_thread_blocked, id=12952, stack(0x0000000023050000,0x0000000023150000)]
  0x00000000199a4000 JavaThread "jar transforms Thread 62" [_thread_blocked, id=11684, stack(0x0000000022f50000,0x0000000023050000)]
  0x00000000199a5000 JavaThread "jar transforms Thread 61" [_thread_blocked, id=8792, stack(0x0000000022e50000,0x0000000022f50000)]
  0x00000000199a3800 JavaThread "jar transforms Thread 60" [_thread_blocked, id=8916, stack(0x0000000022d50000,0x0000000022e50000)]
  0x00000000199a2800 JavaThread "jar transforms Thread 59" [_thread_blocked, id=12796, stack(0x0000000022c50000,0x0000000022d50000)]
  0x00000000199a6800 JavaThread "jar transforms Thread 58" [_thread_blocked, id=10912, stack(0x0000000022b50000,0x0000000022c50000)]
  0x000000001aeea000 JavaThread "jar transforms Thread 57" [_thread_blocked, id=4144, stack(0x0000000022a50000,0x0000000022b50000)]
  0x000000001aee7000 JavaThread "jar transforms Thread 56" [_thread_blocked, id=2252, stack(0x0000000022950000,0x0000000022a50000)]
  0x000000001aee8800 JavaThread "jar transforms Thread 55" [_thread_blocked, id=6440, stack(0x0000000022850000,0x0000000022950000)]
  0x000000001aee6000 JavaThread "jar transforms Thread 54" [_thread_blocked, id=10968, stack(0x0000000022750000,0x0000000022850000)]
  0x000000001aee5800 JavaThread "jar transforms Thread 53" [_thread_blocked, id=1296, stack(0x0000000022650000,0x0000000022750000)]
  0x000000001aee7800 JavaThread "jar transforms Thread 52" [_thread_blocked, id=8444, stack(0x0000000022550000,0x0000000022650000)]
  0x000000001aee4000 JavaThread "jar transforms Thread 51" [_thread_blocked, id=12664, stack(0x0000000022450000,0x0000000022550000)]
  0x000000001aee9000 JavaThread "jar transforms Thread 50" [_thread_blocked, id=7096, stack(0x0000000022350000,0x0000000022450000)]
  0x000000001aede000 JavaThread "jar transforms Thread 49" [_thread_blocked, id=4496, stack(0x0000000022250000,0x0000000022350000)]
  0x000000001aee3000 JavaThread "jar transforms Thread 48" [_thread_blocked, id=2312, stack(0x0000000022150000,0x0000000022250000)]
  0x000000001aee2800 JavaThread "jar transforms Thread 47" [_thread_blocked, id=13512, stack(0x0000000022050000,0x0000000022150000)]
  0x000000001aee1800 JavaThread "jar transforms Thread 46" [_thread_blocked, id=12728, stack(0x0000000021f50000,0x0000000022050000)]
  0x000000001aee4800 JavaThread "jar transforms Thread 45" [_thread_blocked, id=4424, stack(0x0000000021e50000,0x0000000021f50000)]
  0x000000001aee1000 JavaThread "jar transforms Thread 44" [_thread_blocked, id=9688, stack(0x0000000021d50000,0x0000000021e50000)]
  0x000000001aedb000 JavaThread "jar transforms Thread 43" [_thread_blocked, id=5940, stack(0x0000000021c50000,0x0000000021d50000)]
  0x000000001aede800 JavaThread "jar transforms Thread 42" [_thread_blocked, id=13084, stack(0x0000000021b50000,0x0000000021c50000)]
  0x000000001aedd000 JavaThread "jar transforms Thread 41" [_thread_blocked, id=11084, stack(0x0000000021a50000,0x0000000021b50000)]
  0x000000001aee0000 JavaThread "jar transforms Thread 40" [_thread_blocked, id=13104, stack(0x0000000021850000,0x0000000021950000)]
  0x000000001aedb800 JavaThread "jar transforms Thread 39" [_thread_blocked, id=13796, stack(0x0000000021750000,0x0000000021850000)]
  0x000000001aedf800 JavaThread "jar transforms Thread 38" [_thread_blocked, id=2268, stack(0x0000000021650000,0x0000000021750000)]
  0x000000001aedc800 JavaThread "jar transforms Thread 37" [_thread_blocked, id=10988, stack(0x0000000021550000,0x0000000021650000)]
  0x00000000172d2800 JavaThread "jar transforms Thread 36" [_thread_blocked, id=9488, stack(0x0000000021450000,0x0000000021550000)]
  0x00000000172d1800 JavaThread "jar transforms Thread 35" [_thread_blocked, id=14320, stack(0x0000000021350000,0x0000000021450000)]
  0x00000000172d0000 JavaThread "jar transforms Thread 34" [_thread_blocked, id=5796, stack(0x0000000021250000,0x0000000021350000)]
  0x00000000172ce800 JavaThread "jar transforms Thread 33" [_thread_blocked, id=7600, stack(0x0000000021150000,0x0000000021250000)]
  0x00000000172cb800 JavaThread "jar transforms Thread 32" [_thread_blocked, id=9500, stack(0x0000000021050000,0x0000000021150000)]
  0x00000000172cc800 JavaThread "jar transforms Thread 31" [_thread_blocked, id=2720, stack(0x0000000020f50000,0x0000000021050000)]
  0x00000000172d1000 JavaThread "jar transforms Thread 30" [_thread_blocked, id=13240, stack(0x0000000020e50000,0x0000000020f50000)]
  0x00000000172cf800 JavaThread "jar transforms Thread 29" [_thread_blocked, id=6932, stack(0x0000000020d50000,0x0000000020e50000)]
  0x00000000172ce000 JavaThread "jar transforms Thread 28" [_thread_blocked, id=3300, stack(0x0000000020c50000,0x0000000020d50000)]
  0x00000000172cd000 JavaThread "jar transforms Thread 27" [_thread_blocked, id=6972, stack(0x0000000020b50000,0x0000000020c50000)]
  0x00000000172c6800 JavaThread "jar transforms Thread 26" [_thread_blocked, id=1616, stack(0x0000000020a50000,0x0000000020b50000)]
  0x00000000172cb000 JavaThread "jar transforms Thread 25" [_thread_blocked, id=13844, stack(0x0000000020950000,0x0000000020a50000)]
  0x00000000172c3800 JavaThread "jar transforms Thread 24" [_thread_blocked, id=13708, stack(0x0000000020850000,0x0000000020950000)]
  0x00000000172c4000 JavaThread "jar transforms Thread 23" [_thread_blocked, id=3844, stack(0x0000000020750000,0x0000000020850000)]
  0x00000000172ca000 JavaThread "jar transforms Thread 22" [_thread_blocked, id=12648, stack(0x0000000020650000,0x0000000020750000)]
  0x00000000172c8000 JavaThread "jar transforms Thread 21" [_thread_blocked, id=13452, stack(0x0000000020550000,0x0000000020650000)]
  0x00000000172c7000 JavaThread "jar transforms Thread 20" [_thread_blocked, id=2848, stack(0x0000000020450000,0x0000000020550000)]
  0x00000000172c9800 JavaThread "jar transforms Thread 19" [_thread_blocked, id=12448, stack(0x0000000020350000,0x0000000020450000)]
  0x00000000172c5800 JavaThread "jar transforms Thread 18" [_thread_blocked, id=10244, stack(0x0000000020250000,0x0000000020350000)]
  0x00000000172c8800 JavaThread "jar transforms Thread 17" [_thread_blocked, id=11004, stack(0x0000000020150000,0x0000000020250000)]
  0x00000000172c5000 JavaThread "jar transforms Thread 16" [_thread_blocked, id=10256, stack(0x0000000020050000,0x0000000020150000)]
  0x0000000017176000 JavaThread "jar transforms Thread 15" [_thread_blocked, id=9364, stack(0x000000001ff50000,0x0000000020050000)]
  0x0000000017175000 JavaThread "jar transforms Thread 14" [_thread_blocked, id=11628, stack(0x000000001fe50000,0x000000001ff50000)]
  0x0000000017173800 JavaThread "jar transforms Thread 13" [_thread_blocked, id=2044, stack(0x000000001fd50000,0x000000001fe50000)]
  0x0000000017174800 JavaThread "jar transforms Thread 12" [_thread_blocked, id=9308, stack(0x000000001fc50000,0x000000001fd50000)]
  0x0000000017173000 JavaThread "jar transforms Thread 11" [_thread_blocked, id=10944, stack(0x000000001fb50000,0x000000001fc50000)]
  0x0000000017171800 JavaThread "jar transforms Thread 10" [_thread_blocked, id=5348, stack(0x000000001fa50000,0x000000001fb50000)]
  0x0000000017170800 JavaThread "jar transforms Thread 9" [_thread_blocked, id=10776, stack(0x000000001f950000,0x000000001fa50000)]
  0x0000000017172000 JavaThread "jar transforms Thread 8" [_thread_blocked, id=10504, stack(0x000000001f850000,0x000000001f950000)]
  0x0000000017169000 JavaThread "jar transforms Thread 7" [_thread_blocked, id=4856, stack(0x000000001f750000,0x000000001f850000)]
  0x0000000017170000 JavaThread "jar transforms Thread 6" [_thread_blocked, id=1020, stack(0x000000001f650000,0x000000001f750000)]
  0x000000001716f000 JavaThread "jar transforms Thread 5" [_thread_blocked, id=5596, stack(0x000000001f550000,0x000000001f650000)]
  0x000000001716e800 JavaThread "jar transforms Thread 4" [_thread_blocked, id=13364, stack(0x000000001f450000,0x000000001f550000)]
  0x0000000017167000 JavaThread "jar transforms Thread 3" [_thread_blocked, id=12916, stack(0x000000001f350000,0x000000001f450000)]
  0x0000000017168800 JavaThread "jar transforms Thread 2" [_thread_blocked, id=5548, stack(0x000000001f250000,0x000000001f350000)]
  0x000000001716d800 JavaThread "Build operations Thread 4" [_thread_blocked, id=2428, stack(0x000000001f150000,0x000000001f250000)]
  0x000000001716a800 JavaThread "Build operations Thread 3" [_thread_blocked, id=12432, stack(0x000000001f050000,0x000000001f150000)]
  0x000000001716d000 JavaThread "Build operations Thread 2" [_thread_blocked, id=4936, stack(0x000000001ef50000,0x000000001f050000)]
  0x000000001716c000 JavaThread "Build operations" [_thread_blocked, id=12604, stack(0x000000001ee50000,0x000000001ef50000)]
  0x000000001716b800 JavaThread "Cache worker for file content cache (C:\Users\Administrator\.gradle\caches\6.6.1\fileContent)" [_thread_blocked, id=1872, stack(0x000000001e950000,0x000000001ea50000)]
  0x0000000016fff000 JavaThread "jar transforms" [_thread_blocked, id=10924, stack(0x000000001e450000,0x000000001e550000)]
  0x0000000016ffe800 JavaThread "File lock release action executor" [_thread_blocked, id=12928, stack(0x000000001e150000,0x000000001e250000)]
  0x0000000016ffc000 JavaThread "Cache worker for execution history cache (C:\Users\Administrator\.gradle\caches\6.6.1\executionHistory)" [_thread_blocked, id=2184, stack(0x000000001e050000,0x000000001e150000)]
  0x0000000017000800 JavaThread "Cache worker for cache directory md-rule (C:\Users\Administrator\.gradle\caches\6.6.1\md-rule)" [_thread_blocked, id=13652, stack(0x000000001df50000,0x000000001e050000)]
  0x0000000016ffb800 JavaThread "Cache worker for cache directory md-supplier (C:\Users\Administrator\.gradle\caches\6.6.1\md-supplier)" [_thread_blocked, id=12040, stack(0x000000001de50000,0x000000001df50000)]
  0x0000000016ffa800 JavaThread "Cache worker for checksums cache (E:\LIferay\backend\.gradle\checksums)" [_thread_blocked, id=8940, stack(0x000000001cab0000,0x000000001cbb0000)]
  0x0000000016ffa000 JavaThread "Cache worker for file hash cache (E:\LIferay\backend\.gradle\6.6.1\fileHashes)" [_thread_blocked, id=6268, stack(0x000000001c810000,0x000000001c910000)]
  0x0000000016ffd800 JavaThread "Cache worker for journal cache (C:\Users\Administrator\.gradle\caches\journal-1)" [_thread_blocked, id=11712, stack(0x000000001c310000,0x000000001c410000)]
  0x0000000017000000 JavaThread "File lock request listener" [_thread_in_native, id=7128, stack(0x000000001c210000,0x000000001c310000)]
  0x0000000016ffd000 JavaThread "Cache worker for file hash cache (C:\Users\Administrator\.gradle\caches\6.6.1\fileHashes)" [_thread_blocked, id=13936, stack(0x000000001c9b0000,0x000000001cab0000)]
  0x0000000016f9e000 JavaThread "Thread-9" [_thread_blocked, id=13412, stack(0x0000000018fa0000,0x00000000190a0000)]
  0x0000000016f9d000 JavaThread "Stdin handler" [_thread_blocked, id=8852, stack(0x0000000018ea0000,0x0000000018fa0000)]
  0x0000000016f92000 JavaThread "Asynchronous log dispatcher for DefaultDaemonConnection: socket connection from /127.0.0.1:57700 to /127.0.0.1:57701" [_thread_blocked, id=2072, stack(0x0000000018da0000,0x0000000018ea0000)]
  0x0000000016f8f800 JavaThread "Daemon worker" [_thread_in_vm, id=4916, stack(0x0000000018ca0000,0x0000000018da0000)]
  0x0000000016f83000 JavaThread "Cancel handler" [_thread_blocked, id=2752, stack(0x0000000018ba0000,0x0000000018ca0000)]
  0x0000000017245000 JavaThread "Handler for socket connection from /127.0.0.1:57700 to /127.0.0.1:57701" [_thread_in_native, id=7320, stack(0x0000000018aa0000,0x0000000018ba0000)]
  0x0000000017232800 JavaThread "Daemon" [_thread_blocked, id=12644, stack(0x00000000187a0000,0x00000000188a0000)]
  0x000000001724a000 JavaThread "Daemon periodic checks" [_thread_blocked, id=14020, stack(0x00000000186a0000,0x00000000187a0000)]
  0x0000000015df9800 JavaThread "Incoming local TCP Connector on port 57700" [_thread_in_native, id=1500, stack(0x0000000018460000,0x0000000018560000)]
  0x0000000015f09000 JavaThread "Daemon health stats" [_thread_blocked, id=2496, stack(0x0000000016be0000,0x0000000016ce0000)]
  0x0000000015ce5800 JavaThread "Service Thread" daemon [_thread_blocked, id=12076, stack(0x00000000161e0000,0x00000000162e0000)]
  0x00000000144de800 JavaThread "C1 CompilerThread2" daemon [_thread_blocked, id=9384, stack(0x00000000160e0000,0x00000000161e0000)]
=>0x00000000144d8000 JavaThread "C2 CompilerThread1" daemon [_thread_in_native, id=2448, stack(0x0000000015be0000,0x0000000015ce0000)]
  0x000000001447d000 JavaThread "C2 CompilerThread0" daemon [_thread_in_native, id=6056, stack(0x0000000015ae0000,0x0000000015be0000)]
  0x000000001447b000 JavaThread "Attach Listener" daemon [_thread_blocked, id=10808, stack(0x00000000159e0000,0x0000000015ae0000)]
  0x000000001447a000 JavaThread "Signal Dispatcher" daemon [_thread_blocked, id=3748, stack(0x00000000158e0000,0x00000000159e0000)]
  0x000000001446a000 JavaThread "Finalizer" daemon [_thread_blocked, id=12500, stack(0x00000000156e0000,0x00000000157e0000)]
  0x0000000014449000 JavaThread "Reference Handler" daemon [_thread_blocked, id=11296, stack(0x00000000155e0000,0x00000000156e0000)]
  0x00000000014ed800 JavaThread "main" [_thread_blocked, id=9108, stack(0x0000000002e60000,0x0000000002f60000)]

Other Threads:
  0x0000000014447000 VMThread [stack: 0x00000000154e0000,0x00000000155e0000] [id=3704]
  0x0000000015cf1800 WatcherThread [stack: 0x00000000162e0000,0x00000000163e0000] [id=7372]

VM state:not at safepoint (normal execution)

VM Mutex/Monitor currently owned by a thread: None

Heap:
 PSYoungGen      total 147968K, used 112728K [0x00000000f5580000, 0x0000000100000000, 0x0000000100000000)
  eden space 121344K, 92% used [0x00000000f5580000,0x00000000fc396058,0x00000000fcc00000)
  from space 26624K, 0% used [0x00000000fcc00000,0x00000000fcc00000,0x00000000fe600000)
  to   space 26624K, 0% used [0x00000000fe600000,0x00000000fe600000,0x0000000100000000)
 ParOldGen       total 194048K, used 54102K [0x00000000e0000000, 0x00000000ebd80000, 0x00000000f5580000)
  object space 194048K, 27% used [0x00000000e0000000,0x00000000e34d5928,0x00000000ebd80000)
 Metaspace       used 57091K, capacity 60990K, committed 61056K, reserved 1101824K
  class space    used 8100K, capacity 8812K, committed 8832K, reserved 1048576K

Card table byte_map: [0x0000000012420000,0x0000000012530000] byte_map_base: 0x0000000011d20000

Marking Bits: (ParMarkBitMap*) 0x000000007700d850
 Begin Bits: [0x00000000129e0000, 0x00000000131e0000)
 End Bits:   [0x00000000131e0000, 0x00000000139e0000)

Polling page: 0x0000000001510000

CodeCache: size=245760Kb used=26927Kb max_used=26927Kb free=218832Kb
 bounds [0x0000000003060000, 0x0000000004ad0000, 0x0000000012060000]
 total_blobs=8380 nmethods=7623 adapters=668
 compilation: enabled

Compilation events (10 events):
Event: 90.035 Thread 0x00000000144de800 nmethod 8463 0x0000000004ab3510 code [0x0000000004ab36e0, 0x0000000004ab3f78]
Event: 90.035 Thread 0x00000000144de800 8464   !   3       java.lang.Integer::getInteger (23 bytes)
Event: 90.036 Thread 0x00000000144de800 nmethod 8464 0x0000000004abf950 code [0x0000000004abfb60, 0x0000000004ac0448]
Event: 90.036 Thread 0x00000000144de800 8465       3       java.lang.Integer::getInteger (19 bytes)
Event: 90.038 Thread 0x00000000144de800 nmethod 8465 0x0000000004ac0b50 code [0x0000000004ac0da0, 0x0000000004ac19a8]
Event: 90.038 Thread 0x00000000144de800 8466       3       org.gradle.api.internal.artifacts.dsl.LazyPublishArtifact::getName (10 bytes)
Event: 90.038 Thread 0x00000000144de800 nmethod 8466 0x00000000038f8ad0 code [0x00000000038f8c40, 0x00000000038f8e98]
Event: 90.038 Thread 0x00000000144de800 8467       3       org.gradle.api.internal.file.CompositeFileCollection::visitContents (11 bytes)
Event: 90.038 Thread 0x00000000144de800 nmethod 8467 0x0000000004ab2a10 code [0x0000000004ab2bc0, 0x0000000004ab3228]
Event: 90.038 Thread 0x00000000144de800 8468       3       org.gradle.api.internal.file.CompositeFileCollection$$Lambda$372/426921304::accept (12 bytes)

GC Heap History (10 events):
Event: 61.719 GC heap before
{Heap before GC invocations=10 (full 2):
 PSYoungGen      total 158720K, used 154911K [0x00000000f5580000, 0x00000000fff00000, 0x0000000100000000)
  eden space 143872K, 100% used [0x00000000f5580000,0x00000000fe200000,0x00000000fe200000)
  from space 14848K, 74% used [0x00000000fe200000,0x00000000fecc7ec8,0x00000000ff080000)
  to   space 14848K, 0% used [0x00000000ff080000,0x00000000ff080000,0x00000000fff00000)
 ParOldGen       total 175104K, used 16337K [0x00000000e0000000, 0x00000000eab00000, 0x00000000f5580000)
  object space 175104K, 9% used [0x00000000e0000000,0x00000000e0ff4438,0x00000000eab00000)
 Metaspace       used 44779K, capacity 46672K, committed 46976K, reserved 1089536K
  class space    used 6323K, capacity 6726K, committed 6784K, reserved 1048576K
Event: 61.829 GC heap after
Heap after GC invocations=10 (full 2):
 PSYoungGen      total 157696K, used 13458K [0x00000000f5580000, 0x0000000100000000, 0x0000000100000000)
  eden space 142848K, 0% used [0x00000000f5580000,0x00000000f5580000,0x00000000fe100000)
  from space 14848K, 90% used [0x00000000ff080000,0x00000000ffda4990,0x00000000fff00000)
  to   space 15872K, 0% used [0x00000000fe100000,0x00000000fe100000,0x00000000ff080000)
 ParOldGen       total 175104K, used 16345K [0x00000000e0000000, 0x00000000eab00000, 0x00000000f5580000)
  object space 175104K, 9% used [0x00000000e0000000,0x00000000e0ff6438,0x00000000eab00000)
 Metaspace       used 44779K, capacity 46672K, committed 46976K, reserved 1089536K
  class space    used 6323K, capacity 6726K, committed 6784K, reserved 1048576K
}
Event: 74.473 GC heap before
{Heap before GC invocations=11 (full 2):
 PSYoungGen      total 157696K, used 156112K [0x00000000f5580000, 0x0000000100000000, 0x0000000100000000)
  eden space 142848K, 99% used [0x00000000f5580000,0x00000000fe0cf870,0x00000000fe100000)
  from space 14848K, 90% used [0x00000000ff080000,0x00000000ffda4990,0x00000000fff00000)
  to   space 15872K, 0% used [0x00000000fe100000,0x00000000fe100000,0x00000000ff080000)
 ParOldGen       total 175104K, used 16345K [0x00000000e0000000, 0x00000000eab00000, 0x00000000f5580000)
  object space 175104K, 9% used [0x00000000e0000000,0x00000000e0ff6438,0x00000000eab00000)
 Metaspace       used 49316K, capacity 51696K, committed 51840K, reserved 1093632K
  class space    used 6972K, capacity 7520K, committed 7552K, reserved 1048576K
Event: 74.677 GC heap after
Heap after GC invocations=11 (full 2):
 PSYoungGen      total 158720K, used 15862K [0x00000000f5580000, 0x0000000100000000, 0x0000000100000000)
  eden space 142848K, 0% used [0x00000000f5580000,0x00000000f5580000,0x00000000fe100000)
  from space 15872K, 99% used [0x00000000fe100000,0x00000000ff07d9e8,0x00000000ff080000)
  to   space 15872K, 0% used [0x00000000ff080000,0x00000000ff080000,0x0000000100000000)
 ParOldGen       total 175104K, used 27064K [0x00000000e0000000, 0x00000000eab00000, 0x00000000f5580000)
  object space 175104K, 15% used [0x00000000e0000000,0x00000000e1a6e0d0,0x00000000eab00000)
 Metaspace       used 49316K, capacity 51696K, committed 51840K, reserved 1093632K
  class space    used 6972K, capacity 7520K, committed 7552K, reserved 1048576K
}
Event: 83.143 GC heap before
{Heap before GC invocations=12 (full 2):
 PSYoungGen      total 158720K, used 158710K [0x00000000f5580000, 0x0000000100000000, 0x0000000100000000)
  eden space 142848K, 100% used [0x00000000f5580000,0x00000000fe100000,0x00000000fe100000)
  from space 15872K, 99% used [0x00000000fe100000,0x00000000ff07d9e8,0x00000000ff080000)
  to   space 15872K, 0% used [0x00000000ff080000,0x00000000ff080000,0x0000000100000000)
 ParOldGen       total 175104K, used 27064K [0x00000000e0000000, 0x00000000eab00000, 0x00000000f5580000)
  object space 175104K, 15% used [0x00000000e0000000,0x00000000e1a6e0d0,0x00000000eab00000)
 Metaspace       used 55196K, capacity 58418K, committed 58496K, reserved 1099776K
  class space    used 7901K, capacity 8518K, committed 8576K, reserved 1048576K
Event: 83.205 GC heap after
Heap after GC invocations=12 (full 2):
 PSYoungGen      total 137216K, used 15867K [0x00000000f5580000, 0x0000000100000000, 0x0000000100000000)
  eden space 121344K, 0% used [0x00000000f5580000,0x00000000f5580000,0x00000000fcc00000)
  from space 15872K, 99% used [0x00000000ff080000,0x00000000ffffeea8,0x0000000100000000)
  to   space 26624K, 0% used [0x00000000fcc00000,0x00000000fcc00000,0x00000000fe600000)
 ParOldGen       total 175104K, used 39035K [0x00000000e0000000, 0x00000000eab00000, 0x00000000f5580000)
  object space 175104K, 22% used [0x00000000e0000000,0x00000000e261ec28,0x00000000eab00000)
 Metaspace       used 55196K, capacity 58418K, committed 58496K, reserved 1099776K
  class space    used 7901K, capacity 8518K, committed 8576K, reserved 1048576K
}
Event: 85.774 GC heap before
{Heap before GC invocations=13 (full 2):
 PSYoungGen      total 137216K, used 63319K [0x00000000f5580000, 0x0000000100000000, 0x0000000100000000)
  eden space 121344K, 39% used [0x00000000f5580000,0x00000000f83d7070,0x00000000fcc00000)
  from space 15872K, 99% used [0x00000000ff080000,0x00000000ffffeea8,0x0000000100000000)
  to   space 26624K, 0% used [0x00000000fcc00000,0x00000000fcc00000,0x00000000fe600000)
 ParOldGen       total 175104K, used 39035K [0x00000000e0000000, 0x00000000eab00000, 0x00000000f5580000)
  object space 175104K, 22% used [0x00000000e0000000,0x00000000e261ec28,0x00000000eab00000)
 Metaspace       used 55794K, capacity 59078K, committed 59096K, reserved 1099776K
  class space    used 7939K, capacity 8559K, committed 8576K, reserved 1048576K
Event: 85.838 GC heap after
Heap after GC invocations=13 (full 2):
 PSYoungGen      total 147968K, used 5408K [0x00000000f5580000, 0x0000000100000000, 0x0000000100000000)
  eden space 121344K, 0% used [0x00000000f5580000,0x00000000f5580000,0x00000000fcc00000)
  from space 26624K, 20% used [0x00000000fcc00000,0x00000000fd148000,0x00000000fe600000)
  to   space 26624K, 0% used [0x00000000fe600000,0x00000000fe600000,0x0000000100000000)
 ParOldGen       total 175104K, used 54972K [0x00000000e0000000, 0x00000000eab00000, 0x00000000f5580000)
  object space 175104K, 31% used [0x00000000e0000000,0x00000000e35af160,0x00000000eab00000)
 Metaspace       used 55794K, capacity 59078K, committed 59096K, reserved 1099776K
  class space    used 7939K, capacity 8559K, committed 8576K, reserved 1048576K
}
Event: 85.838 GC heap before
{Heap before GC invocations=14 (full 3):
 PSYoungGen      total 147968K, used 5408K [0x00000000f5580000, 0x0000000100000000, 0x0000000100000000)
  eden space 121344K, 0% used [0x00000000f5580000,0x00000000f5580000,0x00000000fcc00000)
  from space 26624K, 20% used [0x00000000fcc00000,0x00000000fd148000,0x00000000fe600000)
  to   space 26624K, 0% used [0x00000000fe600000,0x00000000fe600000,0x0000000100000000)
 ParOldGen       total 175104K, used 54972K [0x00000000e0000000, 0x00000000eab00000, 0x00000000f5580000)
  object space 175104K, 31% used [0x00000000e0000000,0x00000000e35af160,0x00000000eab00000)
 Metaspace       used 55794K, capacity 59078K, committed 59096K, reserved 1099776K
  class space    used 7939K, capacity 8559K, committed 8576K, reserved 1048576K
Event: 86.748 GC heap after
Heap after GC invocations=14 (full 3):
 PSYoungGen      total 147968K, used 0K [0x00000000f5580000, 0x0000000100000000, 0x0000000100000000)
  eden space 121344K, 0% used [0x00000000f5580000,0x00000000f5580000,0x00000000fcc00000)
  from space 26624K, 0% used [0x00000000fcc00000,0x00000000fcc00000,0x00000000fe600000)
  to   space 26624K, 0% used [0x00000000fe600000,0x00000000fe600000,0x0000000100000000)
 ParOldGen       total 194048K, used 54102K [0x00000000e0000000, 0x00000000ebd80000, 0x00000000f5580000)
  object space 194048K, 27% used [0x00000000e0000000,0x00000000e34d5928,0x00000000ebd80000)
 Metaspace       used 55794K, capacity 59078K, committed 59096K, reserved 1099776K
  class space    used 7939K, capacity 8559K, committed 8576K, reserved 1048576K
}

Deoptimization events (10 events):
Event: 83.352 Thread 0x0000000016f8f800 Uncommon trap: reason=array_check action=maybe_recompile pc=0x0000000004485b20 method=com.google.common.collect.ImmutableSet.construct(I[Ljava/lang/Object;)Lcom/google/common/collect/ImmutableSet; @ 122
Event: 83.466 Thread 0x0000000016f8f800 Uncommon trap: reason=array_check action=maybe_recompile pc=0x0000000004485b20 method=com.google.common.collect.ImmutableSet.construct(I[Ljava/lang/Object;)Lcom/google/common/collect/ImmutableSet; @ 122
Event: 83.469 Thread 0x0000000016f8f800 Uncommon trap: reason=array_check action=maybe_recompile pc=0x0000000004485b20 method=com.google.common.collect.ImmutableSet.construct(I[Ljava/lang/Object;)Lcom/google/common/collect/ImmutableSet; @ 122
Event: 84.122 Thread 0x0000000016f8f800 Uncommon trap: reason=unstable_if action=reinterpret pc=0x0000000004475880 method=org.gradle.internal.instantiation.generator.ParamsMatchingConstructorSelector.forParams(Ljava/lang/Class;[Ljava/lang/Object;)Lorg/gradle/internal/instantiation/generator/Cla
Event: 84.122 Thread 0x0000000016f8f800 Uncommon trap: reason=unstable_if action=reinterpret pc=0x00000000044300e0 method=org.gradle.internal.instantiation.generator.DependencyInjectingInstantiator.verifyParameters(Lorg/gradle/internal/instantiation/generator/ClassGenerator$GeneratedConstructor
Event: 84.123 Thread 0x0000000016f8f800 Uncommon trap: reason=unstable_if action=reinterpret pc=0x00000000043ef444 method=org.gradle.internal.instantiation.generator.DependencyInjectingInstantiator.verifyParameters(Lorg/gradle/internal/instantiation/generator/ClassGenerator$GeneratedConstructor
Event: 84.648 Thread 0x0000000016f8f800 Uncommon trap: reason=unstable_if action=reinterpret pc=0x0000000004382354 method=org.gradle.internal.instantiation.generator.DependencyInjectingInstantiator.verifyParameters(Lorg/gradle/internal/instantiation/generator/ClassGenerator$GeneratedConstructor
Event: 86.748 Thread 0x000000001446a000 Uncommon trap: reason=unstable_if action=reinterpret pc=0x000000000330fae8 method=java.util.WeakHashMap.eq(Ljava/lang/Object;Ljava/lang/Object;)Z @ 2
Event: 87.912 Thread 0x0000000016f8f800 Uncommon trap: reason=predicate action=maybe_recompile pc=0x000000000498cb94 method=java.util.ComparableTimSort.binarySort([Ljava/lang/Object;III)V @ 37
Event: 88.517 Thread 0x0000000016f8f800 Uncommon trap: reason=unstable_if action=reinterpret pc=0x0000000004883eec method=org.gradle.api.internal.artifacts.configurations.DefaultConfiguration.validateParentMutation(Lorg/gradle/api/internal/artifacts/configurations/MutationValidator$MutationType

Internal exceptions (10 events):
Event: 88.121 Thread 0x0000000016f8f800 Exception <a 'java/lang/ClassNotFoundException': build_1ocl41ik9192dvaw4gb25le96BeanInfo> (0x00000000f9a51e78) thrown at [C:\re\workspace\8-2-build-windows-amd64-cygwin\jdk8u151\9699\hotspot\src\share\vm\classfile\systemDictionary.cpp, line 210]
Event: 88.122 Thread 0x0000000016f8f800 Exception <a 'java/lang/ClassNotFoundException': build_1ocl41ik9192dvaw4gb25le96Customizer> (0x00000000f9a5dab8) thrown at [C:\re\workspace\8-2-build-windows-amd64-cygwin\jdk8u151\9699\hotspot\src\share\vm\classfile\systemDictionary.cpp, line 210]
Event: 88.279 Thread 0x0000000016f8f800 Exception <a 'java/lang/ClassNotFoundException': build_668ittus3v42gj6ye1is4zt3sBeanInfo> (0x00000000fa426eb0) thrown at [C:\re\workspace\8-2-build-windows-amd64-cygwin\jdk8u151\9699\hotspot\src\share\vm\classfile\systemDictionary.cpp, line 210]
Event: 88.279 Thread 0x0000000016f8f800 Exception <a 'java/lang/ClassNotFoundException': build_668ittus3v42gj6ye1is4zt3sCustomizer> (0x00000000fa432af0) thrown at [C:\re\workspace\8-2-build-windows-amd64-cygwin\jdk8u151\9699\hotspot\src\share\vm\classfile\systemDictionary.cpp, line 210]
Event: 88.513 Thread 0x0000000016f8f800 Exception <a 'java/lang/ClassNotFoundException': build_auyhcyxusgyzyho8mmzjdhb8jBeanInfo> (0x00000000fad2c3d8) thrown at [C:\re\workspace\8-2-build-windows-amd64-cygwin\jdk8u151\9699\hotspot\src\share\vm\classfile\systemDictionary.cpp, line 210]
Event: 88.513 Thread 0x0000000016f8f800 Exception <a 'java/lang/ClassNotFoundException': build_auyhcyxusgyzyho8mmzjdhb8jCustomizer> (0x00000000fad38018) thrown at [C:\re\workspace\8-2-build-windows-amd64-cygwin\jdk8u151\9699\hotspot\src\share\vm\classfile\systemDictionary.cpp, line 210]
Event: 89.336 Thread 0x0000000016f8f800 Exception <a 'java/lang/ClassNotFoundException': build_6eofs5aeeqlzja00aivfa31pyBeanInfo> (0x00000000fb6c79f0) thrown at [C:\re\workspace\8-2-build-windows-amd64-cygwin\jdk8u151\9699\hotspot\src\share\vm\classfile\systemDictionary.cpp, line 210]
Event: 89.336 Thread 0x0000000016f8f800 Exception <a 'java/lang/ClassNotFoundException': build_6eofs5aeeqlzja00aivfa31pyCustomizer> (0x00000000fb6d3630) thrown at [C:\re\workspace\8-2-build-windows-amd64-cygwin\jdk8u151\9699\hotspot\src\share\vm\classfile\systemDictionary.cpp, line 210]
Event: 90.021 Thread 0x0000000016f8f800 Exception <a 'java/lang/ClassNotFoundException': build_9n0h32oydp9a8k9nm2w689bn5BeanInfo> (0x00000000fbf91d50) thrown at [C:\re\workspace\8-2-build-windows-amd64-cygwin\jdk8u151\9699\hotspot\src\share\vm\classfile\systemDictionary.cpp, line 210]
Event: 90.022 Thread 0x0000000016f8f800 Exception <a 'java/lang/ClassNotFoundException': build_9n0h32oydp9a8k9nm2w689bn5Customizer> (0x00000000fbf9d990) thrown at [C:\re\workspace\8-2-build-windows-amd64-cygwin\jdk8u151\9699\hotspot\src\share\vm\classfile\systemDictionary.cpp, line 210]

Events (10 events):
Event: 90.021 loading class build_9n0h32oydp9a8k9nm2w689bn5BeanInfo
Event: 90.021 loading class build_9n0h32oydp9a8k9nm2w689bn5BeanInfo done
Event: 90.021 loading class build_9n0h32oydp9a8k9nm2w689bn5Customizer
Event: 90.021 loading class build_9n0h32oydp9a8k9nm2w689bn5Customizer done
Event: 90.022 loading class build_9n0h32oydp9a8k9nm2w689bn5Customizer
Event: 90.022 loading class build_9n0h32oydp9a8k9nm2w689bn5Customizer done
Event: 90.023 loading class groovy/runtime/metaclass/build_9n0h32oydp9a8k9nm2w689bn5$_run_closure1MetaClass
Event: 90.023 loading class groovy/runtime/metaclass/build_9n0h32oydp9a8k9nm2w689bn5$_run_closure1MetaClass done
Event: 90.027 Thread 0x0000000016f8f800 DEOPT PACKING pc=0x00000000044154f2 sp=0x0000000018d99d90
Event: 90.027 Thread 0x0000000016f8f800 DEOPT UNPACKING pc=0x00000000030a787f sp=0x0000000018d99b00 mode 0


Dynamic libraries:
0x00007ff796b10000 - 0x00007ff796b47000 	C:\Program Files\Java\jdk1.8.0_151\bin\java.exe
0x00007ffef7a10000 - 0x00007ffef7c05000 	C:\WINDOWS\SYSTEM32\ntdll.dll
0x00007ffef5f00000 - 0x00007ffef5fbd000 	C:\WINDOWS\System32\KERNEL32.DLL
0x00007ffef51d0000 - 0x00007ffef5498000 	C:\WINDOWS\System32\KERNELBASE.dll
0x00007ffef6ea0000 - 0x00007ffef6f4c000 	C:\WINDOWS\System32\ADVAPI32.dll
0x00007ffef7650000 - 0x00007ffef76ee000 	C:\WINDOWS\System32\msvcrt.dll
0x00007ffef7480000 - 0x00007ffef751b000 	C:\WINDOWS\System32\sechost.dll
0x00007ffef6fc0000 - 0x00007ffef70eb000 	C:\WINDOWS\System32\RPCRT4.dll
0x00007ffef76f0000 - 0x00007ffef7890000 	C:\WINDOWS\System32\USER32.dll
0x00007ffef51a0000 - 0x00007ffef51c2000 	C:\WINDOWS\System32\win32u.dll
0x00007ffef5fc0000 - 0x00007ffef5fea000 	C:\WINDOWS\System32\GDI32.dll
0x00007ffef57c0000 - 0x00007ffef58cb000 	C:\WINDOWS\System32\gdi32full.dll
0x00007ffef5930000 - 0x00007ffef59cd000 	C:\WINDOWS\System32\msvcp_win.dll
0x00007ffef54a0000 - 0x00007ffef55a0000 	C:\WINDOWS\System32\ucrtbase.dll
0x00007ffee1e70000 - 0x00007ffee210a000 	C:\WINDOWS\WinSxS\amd64_microsoft.windows.common-controls_6595b64144ccf1df_6.0.19041.1052_none_60b8f8fd71f5e8cb\COMCTL32.dll
0x00007ffef7890000 - 0x00007ffef78c0000 	C:\WINDOWS\System32\IMM32.DLL
0x0000000077090000 - 0x0000000077162000 	C:\Program Files\Java\jdk1.8.0_151\jre\bin\msvcr100.dll
0x00000000767f0000 - 0x000000007708d000 	C:\Program Files\Java\jdk1.8.0_151\jre\bin\server\jvm.dll
0x00007ffef63d0000 - 0x00007ffef63d8000 	C:\WINDOWS\System32\PSAPI.DLL
0x00007ffee0ef0000 - 0x00007ffee0ef9000 	C:\WINDOWS\SYSTEM32\WSOCK32.dll
0x00007ffef6f50000 - 0x00007ffef6fbb000 	C:\WINDOWS\System32\WS2_32.dll
0x00007ffee3060000 - 0x00007ffee3087000 	C:\WINDOWS\SYSTEM32\WINMM.dll
0x00007ffeeb0b0000 - 0x00007ffeeb0ba000 	C:\WINDOWS\SYSTEM32\VERSION.dll
0x00000000767e0000 - 0x00000000767ef000 	C:\Program Files\Java\jdk1.8.0_151\jre\bin\verify.dll
0x00000000767b0000 - 0x00000000767d9000 	C:\Program Files\Java\jdk1.8.0_151\jre\bin\java.dll
0x0000000076790000 - 0x00000000767a6000 	C:\Program Files\Java\jdk1.8.0_151\jre\bin\zip.dll
0x00007ffef6590000 - 0x00007ffef6ccf000 	C:\WINDOWS\System32\SHELL32.dll
0x00007ffef3260000 - 0x00007ffef39f0000 	C:\WINDOWS\SYSTEM32\windows.storage.dll
0x00007ffef5ff0000 - 0x00007ffef6345000 	C:\WINDOWS\System32\combase.dll
0x00007ffef4af0000 - 0x00007ffef4b1c000 	C:\WINDOWS\SYSTEM32\Wldp.dll
0x00007ffef7220000 - 0x00007ffef72ce000 	C:\WINDOWS\System32\SHCORE.dll
0x00007ffef7330000 - 0x00007ffef7385000 	C:\WINDOWS\System32\shlwapi.dll
0x00007ffef5090000 - 0x00007ffef50af000 	C:\WINDOWS\SYSTEM32\profapi.dll
0x0000000076770000 - 0x000000007678a000 	C:\Program Files\Java\jdk1.8.0_151\jre\bin\net.dll
0x00007ffef48d0000 - 0x00007ffef493a000 	C:\WINDOWS\system32\mswsock.dll
0x0000000076750000 - 0x0000000076761000 	C:\Program Files\Java\jdk1.8.0_151\jre\bin\nio.dll
0x00007ffedbe90000 - 0x00007ffedbeb7000 	C:\Users\Administrator\.gradle\native\9f2fa17c089eee584f3420100432f77ec4c098959e4bf121a4d6054c26537dfb\windows-amd64\native-platform.dll
0x0000000076740000 - 0x000000007674d000 	C:\Program Files\Java\jdk1.8.0_151\jre\bin\management.dll
0x00007ffef4b30000 - 0x00007ffef4b48000 	C:\WINDOWS\SYSTEM32\CRYPTSP.dll
0x00007ffef4220000 - 0x00007ffef4254000 	C:\WINDOWS\system32\rsaenh.dll
0x00007ffef55a0000 - 0x00007ffef55c7000 	C:\WINDOWS\System32\bcrypt.dll
0x00007ffef5050000 - 0x00007ffef507e000 	C:\WINDOWS\SYSTEM32\USERENV.dll
0x00007ffef55d0000 - 0x00007ffef5653000 	C:\WINDOWS\System32\bcryptprimitives.dll
0x00007ffef4a50000 - 0x00007ffef4a5c000 	C:\WINDOWS\SYSTEM32\CRYPTBASE.dll
0x00007ffef4590000 - 0x00007ffef45cb000 	C:\WINDOWS\SYSTEM32\IPHLPAPI.DLL
0x00007ffef5ef0000 - 0x00007ffef5ef8000 	C:\WINDOWS\System32\NSI.dll
0x00007ffeed7d0000 - 0x00007ffeed7e7000 	C:\WINDOWS\SYSTEM32\dhcpcsvc6.DLL
0x00007ffeed7b0000 - 0x00007ffeed7cd000 	C:\WINDOWS\SYSTEM32\dhcpcsvc.DLL
0x00007ffef45e0000 - 0x00007ffef46ac000 	C:\WINDOWS\SYSTEM32\DNSAPI.dll
0x00007ffeede20000 - 0x00007ffeede2b000 	C:\WINDOWS\SYSTEM32\WINNSI.DLL
0x00007ffe93190000 - 0x00007ffe93326000 	C:\Users\Administrator\.gradle\native\9f2fa17c089eee584f3420100432f77ec4c098959e4bf121a4d6054c26537dfb\windows-amd64\native-platform-file-events.dll
0x0000000076710000 - 0x0000000076734000 	C:\Program Files\Java\jdk1.8.0_151\jre\bin\sunec.dll
0x00007ffee7e10000 - 0x00007ffee7e1a000 	C:\Windows\System32\rasadhlp.dll
0x00007ffeed830000 - 0x00007ffeed8af000 	C:\WINDOWS\System32\fwpuclnt.dll
0x0000000076700000 - 0x000000007670b000 	C:\Program Files\Java\jdk1.8.0_151\jre\bin\sunmscapi.dll
0x00007ffef5660000 - 0x00007ffef57bf000 	C:\WINDOWS\System32\CRYPT32.dll

VM Arguments:
jvm_args: -XX:MaxMetaspaceSize=256m -XX:+HeapDumpOnOutOfMemoryError -Xms256m -Xmx512m -Dfile.encoding=windows-1252 -Duser.country=US -Duser.language=en -Duser.variant 
java_command: org.gradle.launcher.daemon.bootstrap.GradleDaemon 6.6.1
java_class_path (initial): C:\Users\Administrator\.gradle\wrapper\dists\gradle-6.6.1-bin\du4tvj86lhti6iga1v8h7pckb\gradle-6.6.1\lib\gradle-launcher-6.6.1.jar
Launcher Type: SUN_STANDARD

Environment Variables:
JAVA_HOME=C:\Program Files\Java\jdk1.8.0_151
PATH=E:\ide_TCS\bin;C:\Program Files (x86)\Common Files\Oracle\Java\javapath;C:\Program Files\Python39\Scripts\;C:\Program Files\Python39\;C:\ProgramData\Oracle\Java\javapath;C:\WINDOWS\system32;C:\WINDOWS;C:\WINDOWS\System32\Wbem;C:\WINDOWS\System32\WindowsPowerShell\v1.0\;C:\Program Files\Java\jdk1.8.0_151\bin;F:\Git\cmd;C:\Program Files\nodejs\;C:\Program Files\Java\jdk1.8.0_151\bin;C:\WINDOWS\System32\OpenSSH\;D:\PhanMem\Git\cmd;%ZOOKEEPER_HOME%\bin;C:\Program Files\Docker\Docker\resources\bin;C:\ProgramData\DockerDesktop\version-bin;E:\ide_TCS\REDIS_DEMO;C:\Users\Administrator\AppData\Local\Microsoft\WindowsApps;;C:\Program Files\Azure Data Studio\bin;C:\Users\Administrator\AppData\Roaming\npm;C:\Users\Administrator\AppData\Local\Programs\Microsoft VS Code\bin;D:\PhanMem\IntelliJ IDEA 2021.1.3\bin;;E:\ide_TCS\DataGrip 2021.1.3\bin;
USERNAME=Administrator
OS=Windows_NT
PROCESSOR_IDENTIFIER=Intel64 Family 6 Model 78 Stepping 3, GenuineIntel



---------------  S Y S T E M  ---------------

OS: Windows 10.0 , 64 bit Build 19041 (10.0.19041.1023)

CPU:total 4 (initial active 4) (2 cores per cpu, 2 threads per core) family 6 model 78 stepping 3, cmov, cx8, fxsr, mmx, sse, sse2, sse3, ssse3, sse4.1, sse4.2, popcnt, avx, avx2, aes, clmul, erms, 3dnowpref, lzcnt, ht, tsc, tscinvbit, bmi1, bmi2, adx

Memory: 4k page, physical 12439104k(1534812k free), swap 13899116k(4232k free)

vm_info: Java HotSpot(TM) 64-Bit Server VM (25.151-b12) for windows-amd64 JRE (1.8.0_151-b12), built on Sep  5 2017 19:33:46 by "java_re" with MS VC++ 10.0 (VS2010)

time: Fri Oct 15 02:36:39 2021
elapsed time: 90 seconds (0d 0h 1m 30s)

